<?xml version="1.0" encoding="UTF-8"?>
<testsuite name="com.example.filmservice.FilmServiceApplicationTests" tests="1" skipped="0" failures="0" errors="0" timestamp="2025-01-28T08:53:57" hostname="MONEYMAKER" time="0.458">
  <properties/>
  <testcase name="contextLoads()" classname="com.example.filmservice.FilmServiceApplicationTests" time="0.458"/>
  <system-out><![CDATA[09:53:52.982 [Test worker] INFO org.springframework.test.context.support.AnnotationConfigContextLoaderUtils -- Could not detect default configuration classes for test class [com.example.filmservice.FilmServiceApplicationTests]: FilmServiceApplicationTests does not declare any static, non-private, non-final, nested classes annotated with @Configuration.
09:53:53.095 [Test worker] INFO org.springframework.boot.test.context.SpringBootTestContextBootstrapper -- Found @SpringBootConfiguration com.example.filmservice.FilmServiceApplication for test class com.example.filmservice.FilmServiceApplicationTests

  .   ____          _            __ _ _
 /\\ / ___'_ __ _ _(_)_ __  __ _ \ \ \ \
( ( )\___ | '_ | '_| | '_ \/ _` | \ \ \ \
 \\/  ___)| |_)| | | | | || (_| |  ) ) ) )
  '  |____| .__|_| |_|_| |_\__, | / / / /
 =========|_|==============|___/=/_/_/_/

 :: Spring Boot ::                (v3.3.3)

2025-01-28T09:53:53.508+01:00  INFO 28356 --- [filmservice] [    Test worker] c.e.f.FilmServiceApplicationTests        : Starting FilmServiceApplicationTests using Java 17.0.12 with PID 28356 (started by pablo in C:\Users\pablo\Downloads\JavaEnterprise_FilmService-master)
2025-01-28T09:53:53.509+01:00 DEBUG 28356 --- [filmservice] [    Test worker] c.e.f.FilmServiceApplicationTests        : Running with Spring Boot v3.3.3, Spring v6.1.12
2025-01-28T09:53:53.510+01:00  INFO 28356 --- [filmservice] [    Test worker] c.e.f.FilmServiceApplicationTests        : No active profile set, falling back to 1 default profile: "default"
2025-01-28T09:53:54.211+01:00  INFO 28356 --- [filmservice] [    Test worker] .s.d.r.c.RepositoryConfigurationDelegate : Bootstrapping Spring Data JPA repositories in DEFAULT mode.
2025-01-28T09:53:54.268+01:00  INFO 28356 --- [filmservice] [    Test worker] .s.d.r.c.RepositoryConfigurationDelegate : Finished Spring Data repository scanning in 47 ms. Found 1 JPA repository interface.
2025-01-28T09:53:54.718+01:00  INFO 28356 --- [filmservice] [    Test worker] com.zaxxer.hikari.HikariDataSource       : HikariPool-1 - Starting...
2025-01-28T09:53:54.936+01:00  INFO 28356 --- [filmservice] [    Test worker] com.zaxxer.hikari.pool.HikariPool        : HikariPool-1 - Added connection conn0: url=jdbc:h2:mem:testdb user=SA
2025-01-28T09:53:54.937+01:00  INFO 28356 --- [filmservice] [    Test worker] com.zaxxer.hikari.HikariDataSource       : HikariPool-1 - Start completed.
2025-01-28T09:53:54.990+01:00  INFO 28356 --- [filmservice] [    Test worker] o.hibernate.jpa.internal.util.LogHelper  : HHH000204: Processing PersistenceUnitInfo [name: default]
2025-01-28T09:53:55.069+01:00  INFO 28356 --- [filmservice] [    Test worker] org.hibernate.Version                    : HHH000412: Hibernate ORM core version 6.5.2.Final
2025-01-28T09:53:55.118+01:00  INFO 28356 --- [filmservice] [    Test worker] o.h.c.internal.RegionFactoryInitiator    : HHH000026: Second-level cache disabled
2025-01-28T09:53:55.496+01:00  INFO 28356 --- [filmservice] [    Test worker] o.s.o.j.p.SpringPersistenceUnitInfo      : No LoadTimeWeaver setup: ignoring JPA class transformer
2025-01-28T09:53:55.549+01:00  WARN 28356 --- [filmservice] [    Test worker] org.hibernate.orm.deprecation            : HHH90000025: H2Dialect does not need to be specified explicitly using 'hibernate.dialect' (remove the property setting and it will be selected by default)
2025-01-28T09:53:56.252+01:00  INFO 28356 --- [filmservice] [    Test worker] o.h.e.t.j.p.i.JtaPlatformInitiator       : HHH000489: No JTA platform available (set 'hibernate.transaction.jta.platform' to enable JTA platform integration)
2025-01-28T09:53:56.282+01:00  INFO 28356 --- [filmservice] [    Test worker] j.LocalContainerEntityManagerFactoryBean : Initialized JPA EntityManagerFactory for persistence unit 'default'
2025-01-28T09:53:56.753+01:00  WARN 28356 --- [filmservice] [    Test worker] JpaBaseConfiguration$JpaWebConfiguration : spring.jpa.open-in-view is enabled by default. Therefore, database queries may be performed during view rendering. Explicitly configure spring.jpa.open-in-view to disable this warning
2025-01-28T09:53:57.112+01:00  INFO 28356 --- [filmservice] [    Test worker] o.s.b.a.h2.H2ConsoleAutoConfiguration    : H2 console available at '/h2-console'. Database available at 'jdbc:h2:mem:testdb'
2025-01-28T09:53:57.168+01:00  INFO 28356 --- [filmservice] [    Test worker] c.e.f.FilmServiceApplicationTests        : Started FilmServiceApplicationTests in 3.9 seconds (process running for 5.044)
]]></system-out>
  <system-err><![CDATA[]]></system-err>
</testsuite>
